{"/Users/mikhailmogilnikov/dev/web/projects/hexlet/frontend-project-11/src/Example.js": {"path":"/Users/mikhailmogilnikov/dev/web/projects/hexlet/frontend-project-11/src/Example.js","statementMap":{"0":{"start":{"line":5,"column":4},"end":{"line":5,"column":27}},"1":{"start":{"line":9,"column":4},"end":{"line":9,"column":47}},"2":{"start":{"line":10,"column":4},"end":{"line":10,"column":24}}},"fnMap":{"0":{"name":"(anonymous_0)","decl":{"start":{"line":4,"column":2},"end":{"line":4,"column":3}},"loc":{"start":{"line":4,"column":23},"end":{"line":6,"column":3}},"line":4},"1":{"name":"(anonymous_1)","decl":{"start":{"line":8,"column":2},"end":{"line":8,"column":3}},"loc":{"start":{"line":8,"column":9},"end":{"line":11,"column":3}},"line":8}},"branchMap":{},"s":{"0":1,"1":1,"2":1},"f":{"0":1,"1":1},"b":{},"_coverageSchema":"1a1c01bbd47fc00a2c39e90264f33305004495a9","hash":"d6af0b4ea31b4539f89951449680c7852e3b986e"}
,"/Users/mikhailmogilnikov/dev/web/projects/hexlet/frontend-project-11/src/init.js": {"path":"/Users/mikhailmogilnikov/dev/web/projects/hexlet/frontend-project-11/src/init.js","statementMap":{"0":{"start":{"line":6,"column":18},"end":{"line":6,"column":50}},"1":{"start":{"line":7,"column":14},"end":{"line":7,"column":34}},"2":{"start":{"line":8,"column":2},"end":{"line":8,"column":13}}},"fnMap":{"0":{"name":"(anonymous_0)","decl":{"start":{"line":5,"column":15},"end":{"line":5,"column":16}},"loc":{"start":{"line":5,"column":21},"end":{"line":9,"column":1}},"line":5}},"branchMap":{},"s":{"0":1,"1":1,"2":1},"f":{"0":1},"b":{},"_coverageSchema":"1a1c01bbd47fc00a2c39e90264f33305004495a9","hash":"6895ef82878eae42a1e44d606b89cf65530c2cec"}
}
